<?xml version="1.0" encoding="UTF-8"?>
<testsuite xmlns:xsi="http://www.w3.org/2001/XMLSchema-instance" xsi:noNamespaceSchemaLocation="https://maven.apache.org/surefire/maven-surefire-plugin/xsd/surefire-test-report-3.0.xsd" version="3.0" name="runners.TestRunner" time="16.381" tests="2" errors="1" skipped="0" failures="0">
  <properties>
[...]
</properties>
  <testcase name="Valid login" classname="Login to SauceDemo" time="10.999">
    <system-out><![CDATA[
Scenario: Valid login                                     # src/test/resources/features/bookstore.feature:3
  Given the user is on the bookstore homepage             # stepDefinitions.CommonSteps.user_on_homepage()
  When the user enters a valid username                   # stepDefinitions.CommonSteps.enter_valid_username()
  And the user enters a valid password                    # stepDefinitions.CommonSteps.enter_valid_password()
  And clicks the login button                             # stepDefinitions.CommonSteps.click_login_button()
  Then the user should be redirected to the products page # stepDefinitions.CommonSteps.verify_successful_login()
]]></system-out>
    <system-err><![CDATA[SLF4J(W): No SLF4J providers were found.
SLF4J(W): Defaulting to no-operation (NOP) logger implementation
SLF4J(W): See https://www.slf4j.org/codes.html#noProviders for further details.
]]></system-err>
  </testcase>
  <testcase name="Search with an invalid book" classname="Search Functionality" time="4.786">
    <error message="Unable to locate element: #search\-input&#10;For documentation on this error, please visit: https://www.selenium.dev/documentation/webdriver/troubleshooting/errors#no-such-element-exception&#10;Build info: version: &apos;4.14.0&apos;, revision: &apos;e5a96349ce&apos;&#10;System info: os.name: &apos;Windows 11&apos;, os.arch: &apos;amd64&apos;, os.version: &apos;10.0&apos;, java.version: &apos;17.0.4.1&apos;&#10;Driver info: org.openqa.selenium.firefox.FirefoxDriver&#10;Command: [b6a72e29-01b9-4217-8907-a465dd594152, findElement {using=id, value=search-input}]&#10;Capabilities {acceptInsecureCerts: true, browserName: firefox, browserVersion: 138.0.1, moz:accessibilityChecks: false, moz:buildID: 20250430203103, moz:geckodriverVersion: 0.36.0, moz:headless: false, moz:platformVersion: 10.0, moz:processID: 18716, moz:profile: C:\Users\VAMSHI~1\AppData\L..., moz:shutdownTimeout: 60000, moz:webdriverClick: true, moz:windowless: false, pageLoadStrategy: normal, platformName: windows, proxy: Proxy(), setWindowRect: true, strictFileInteractability: false, timeouts: {implicit: 0, pageLoad: 300000, script: 30000}, unhandledPromptBehavior: dismiss and notify, userAgent: Mozilla/5.0 (Windows NT 10....}&#10;Session ID: b6a72e29-01b9-4217-8907-a465dd594152" type="org.openqa.selenium.NoSuchElementException"><![CDATA[org.openqa.selenium.NoSuchElementException: 
Unable to locate element: #search\-input
For documentation on this error, please visit: https://www.selenium.dev/documentation/webdriver/troubleshooting/errors#no-such-element-exception
Build info: version: '4.14.0', revision: 'e5a96349ce'
System info: os.name: 'Windows 11', os.arch: 'amd64', os.version: '10.0', java.version: '17.0.4.1'
Driver info: org.openqa.selenium.firefox.FirefoxDriver
Command: [b6a72e29-01b9-4217-8907-a465dd594152, findElement {using=id, value=search-input}]
Capabilities {acceptInsecureCerts: true, browserName: firefox, browserVersion: 138.0.1, moz:accessibilityChecks: false, moz:buildID: 20250430203103, moz:geckodriverVersion: 0.36.0, moz:headless: false, moz:platformVersion: 10.0, moz:processID: 18716, moz:profile: C:\Users\VAMSHI~1\AppData\L..., moz:shutdownTimeout: 60000, moz:webdriverClick: true, moz:windowless: false, pageLoadStrategy: normal, platformName: windows, proxy: Proxy(), setWindowRect: true, strictFileInteractability: false, timeouts: {implicit: 0, pageLoad: 300000, script: 30000}, unhandledPromptBehavior: dismiss and notify, userAgent: Mozilla/5.0 (Windows NT 10....}
Session ID: b6a72e29-01b9-4217-8907-a465dd594152
]]></error>
    <system-out><![CDATA[
Scenario: Search with an invalid book                              # src/test/resources/features/search.feature:3
  Given the user is on the bookstore homepage                      # stepDefinitions.CommonSteps.user_on_homepage()
  When the user enters a valid username                            # stepDefinitions.CommonSteps.enter_valid_username()
  And the user enters a valid password                             # stepDefinitions.CommonSteps.enter_valid_password()
  And clicks the login button                                      # stepDefinitions.CommonSteps.click_login_button()
  Then the user should be redirected to the products page          # stepDefinitions.CommonSteps.verify_successful_login()
  When the user enters "ThisBookDoesNotExist123" in the search box # stepDefinitions.SearchBookSteps.user_enters_book_name(java.lang.String)
      org.openqa.selenium.NoSuchElementException: Unable to locate element: #search\-input
For documentation on this error, please visit: https://www.selenium.dev/documentation/webdriver/troubleshooting/errors#no-such-element-exception
Build info: version: '4.14.0', revision: 'e5a96349ce'
System info: os.name: 'Windows 11', os.arch: 'amd64', os.version: '10.0', java.version: '17.0.4.1'
Driver info: org.openqa.selenium.firefox.FirefoxDriver
Command: [b6a72e29-01b9-4217-8907-a465dd594152, findElement {using=id, value=search-input}]
Capabilities {acceptInsecureCerts: true, browserName: firefox, browserVersion: 138.0.1, moz:accessibilityChecks: false, moz:buildID: 20250430203103, moz:geckodriverVersion: 0.36.0, moz:headless: false, moz:platformVersion: 10.0, moz:processID: 18716, moz:profile: C:\Users\VAMSHI~1\AppData\L..., moz:shutdownTimeout: 60000, moz:webdriverClick: true, moz:windowless: false, pageLoadStrategy: normal, platformName: windows, proxy: Proxy(), setWindowRect: true, strictFileInteractability: false, timeouts: {implicit: 0, pageLoad: 300000, script: 30000}, unhandledPromptBehavior: dismiss and notify, userAgent: Mozilla/5.0 (Windows NT 10....}
Session ID: b6a72e29-01b9-4217-8907-a465dd594152
	at java.base/jdk.internal.reflect.NativeConstructorAccessorImpl.newInstance0(Native Method)
	at java.base/jdk.internal.reflect.NativeConstructorAccessorImpl.newInstance(NativeConstructorAccessorImpl.java:77)
	at java.base/jdk.internal.reflect.DelegatingConstructorAccessorImpl.newInstance(DelegatingConstructorAccessorImpl.java:45)
	at java.base/java.lang.reflect.Constructor.newInstanceWithCaller(Constructor.java:499)
	at java.base/java.lang.reflect.Constructor.newInstance(Constructor.java:480)
	at org.openqa.selenium.remote.codec.w3c.W3CHttpResponseCodec.createException(W3CHttpResponseCodec.java:200)
	at org.openqa.selenium.remote.codec.w3c.W3CHttpResponseCodec.decode(W3CHttpResponseCodec.java:133)
	at org.openqa.selenium.remote.codec.w3c.W3CHttpResponseCodec.decode(W3CHttpResponseCodec.java:52)
	at org.openqa.selenium.remote.HttpCommandExecutor.execute(HttpCommandExecutor.java:191)
	at org.openqa.selenium.remote.service.DriverCommandExecutor.invokeExecute(DriverCommandExecutor.java:196)
	at org.openqa.selenium.remote.service.DriverCommandExecutor.execute(DriverCommandExecutor.java:171)
	at org.openqa.selenium.remote.RemoteWebDriver.execute(RemoteWebDriver.java:602)
	at org.openqa.selenium.remote.ElementLocation$ElementFinder$2.findElement(ElementLocation.java:165)
	at org.openqa.selenium.remote.ElementLocation.findElement(ElementLocation.java:59)
	at org.openqa.selenium.remote.RemoteWebDriver.findElement(RemoteWebDriver.java:359)
	at org.openqa.selenium.remote.RemoteWebDriver.findElement(RemoteWebDriver.java:353)
	at pages.HomePage.enterSearch(HomePage.java:45)
	at stepDefinitions.SearchBookSteps.user_enters_book_name(SearchBookSteps.java:16)
	at âœ½.the user enters "ThisBookDoesNotExist123" in the search box(file:///C:/Users/Vamshi%20Reddy%20Mannem/Downloads/Eclipse%20workspace/BookstoreTests/src/test/resources/features/search.feature:9)

  And clicks the search button                                     # stepDefinitions.SearchBookSteps.user_clicks_search()
  Then the book results should be displayed                        # stepDefinitions.SearchBookSteps.verify_book_results()

    Embedding Failure Screenshot [image/png 267824 bytes]

]]></system-out>
  </testcase>
</testsuite>